2019-02-24T14:39:23.154Z - normal: Load ~/.CocosCreator/settings.json
2019-02-24T14:39:23.159Z - normal: checking language setting...
2019-02-24T14:39:23.159Z - normal: Language: zh
2019-02-24T14:39:26.079Z - success: protocol editor-framework registered
2019-02-24T14:39:26.080Z - success: protocol app registered
2019-02-24T14:39:26.080Z - success: protocol theme registered
2019-02-24T14:39:26.080Z - success: protocol packages registered
2019-02-24T14:39:26.080Z - success: protocol unpack registerred
2019-02-24T14:39:26.080Z - success: protocol disable-commonjs registerred
2019-02-24T14:39:26.179Z - normal: connected!
2019-02-24T14:39:26.184Z - normal: Check project D:\gitproject\doushouqiclient
2019-02-24T14:39:26.231Z - normal: Initializing project D:\gitproject\doushouqiclient
2019-02-24T14:39:26.254Z - normal: Initializing Cocos2d
2019-02-24T14:39:30.630Z - normal: Initializing Asset Database
2019-02-24T14:39:30.810Z - success: protocol uuid registerred
2019-02-24T14:39:30.810Z - success: protocol db registerred
2019-02-24T14:39:30.810Z - success: protocol thumbnail registerred
2019-02-24T14:39:30.811Z - normal: Loading editor/builtin packages
2019-02-24T14:39:31.212Z - success: assets loaded
2019-02-24T14:39:31.216Z - success: builder loaded
2019-02-24T14:39:31.219Z - success: cocos-analytics loaded
2019-02-24T14:39:31.248Z - success: console loaded
2019-02-24T14:39:31.312Z - success: fb-instant-games loaded
2019-02-24T14:39:31.318Z - success: hierarchy loaded
2019-02-24T14:39:31.324Z - success: inspector loaded
2019-02-24T14:39:31.326Z - success: keystore loaded
2019-02-24T14:39:31.334Z - success: node-library loaded
2019-02-24T14:39:31.337Z - success: package-asset loaded
2019-02-24T14:39:31.339Z - success: preferences loaded
2019-02-24T14:39:31.343Z - success: project-exporter loaded
2019-02-24T14:39:31.366Z - success: project-importer loaded
2019-02-24T14:39:31.369Z - success: project-settings loaded
2019-02-24T14:39:31.373Z - success: ui-kit loaded
2019-02-24T14:39:31.379Z - success: scene loaded
2019-02-24T14:39:31.382Z - success: sprite-editor loaded
2019-02-24T14:39:31.387Z - success: store loaded
2019-02-24T14:39:31.417Z - success: timeline loaded
2019-02-24T14:39:31.417Z - normal: Loading builtin packages
2019-02-24T14:39:31.558Z - success: asset-db-debugger loaded
2019-02-24T14:39:31.602Z - success: code-editor loaded
2019-02-24T14:39:31.606Z - success: color-picker loaded
2019-02-24T14:39:31.609Z - success: jsb-adapter loaded
2019-02-24T14:39:31.616Z - success: package-manager loaded
2019-02-24T14:39:32.273Z - success: qqplay-adapter loaded
2019-02-24T14:39:32.335Z - success: sdkbox loaded
2019-02-24T14:39:32.369Z - success: tester loaded
2019-02-24T14:39:32.385Z - success: ui-grid loaded
2019-02-24T14:39:32.392Z - success: ui-kit-preview-extra loaded
2019-02-24T14:39:32.445Z - success: ui-kit-preview loaded
2019-02-24T14:39:32.452Z - success: ui-tree loaded
2019-02-24T14:39:32.456Z - success: weapp-adapter loaded
2019-02-24T14:39:35.007Z - normal: Loading packages
2019-02-24T14:39:35.016Z - normal: Watching packages
2019-02-24T14:39:35.789Z - normal: Run Application
2019-02-24T14:39:40.839Z - success: preview server running at http://localhost:7456
2019-02-25T14:54:39.047Z - info: shutdown preview server
